   0  $accept : program $end

   1  program : block
   2          | listDeclarations

   3  listCmd : cmd
   4          | cmd ';' listCmd

   5  listDeclarations : var listDeclarations
   6                   | function listDeclarations
   7                   |

   8  var : KW_CARA TK_IDENTIFIER '=' expr ';'
   9      | KW_INTE TK_IDENTIFIER '=' expr ';'
  10      | KW_REAL TK_IDENTIFIER '=' expr ';'
  11      | KW_INTE TK_IDENTIFIER '[' index ']' array ';'
  12      | KW_CARA TK_IDENTIFIER '[' index ']' array ';'
  13      | KW_REAL TK_IDENTIFIER '[' index ']' array ';'

  14  function : KW_CARA TK_IDENTIFIER '(' arrayParams ')' block
  15           | KW_INTE TK_IDENTIFIER '(' arrayParams ')' block
  16           | KW_REAL TK_IDENTIFIER '(' arrayParams ')' block

  17  cmd : TK_IDENTIFIER '=' expr
  18      | TK_IDENTIFIER '[' expr ']' '=' expr
  19      | cmd KW_ENQUANTO '(' expr ')'
  20      | KW_ENTAUM cmd KW_SE '(' expr ')'
  21      | KW_ENTAUM cmd KW_SENAUM cmd KW_SE '(' expr ')'
  22      | KW_ESCREVA arrayPrint
  23      | KW_RETORNE expr
  24      | block
  25      |

  26  expr : TK_IDENTIFIER
  27       | TK_IDENTIFIER '[' expr ']'
  28       | TK_IDENTIFIER '(' array ')'
  29       | LIT_CHAR
  30       | LIT_INTEIRO
  31       | LIT_FLOAT
  32       | expr '+' expr
  33       | expr '-' expr
  34       | expr '*' expr
  35       | expr '/' expr
  36       | expr '<' expr
  37       | expr '>' expr
  38       | expr OPERATOR_EQ expr
  39       | expr OPERATOR_DIF expr
  40       | expr OPERATOR_GE expr
  41       | expr OPERATOR_LE expr
  42       | expr '&' expr
  43       | expr '|' expr
  44       | expr '~' expr
  45       | '(' expr ')'
  46       | KW_ENTRADA

  47  index : LIT_INTEIRO
  48        | TK_IDENTIFIER

  49  array : expr array
  50        |

  51  param : KW_CARA TK_IDENTIFIER
  52        | KW_INTE TK_IDENTIFIER
  53        | KW_REAL TK_IDENTIFIER

  54  arrayParams : param arrayParams
  55              |

  56  arrayPrint : LIT_STRING arrayPrint
  57             | expr arrayPrint
  58             |

  59  block : '{' listCmd '}'

state 0
	$accept : . program $end  (0)
	listDeclarations : .  (7)

	KW_CARA  shift 1
	KW_INTE  shift 2
	KW_REAL  shift 3
	'{'  shift 4
	$end  reduce 7

	program  goto 5
	block  goto 6
	listDeclarations  goto 7
	var  goto 8
	function  goto 9


state 1
	var : KW_CARA . TK_IDENTIFIER '=' expr ';'  (8)
	var : KW_CARA . TK_IDENTIFIER '[' index ']' array ';'  (12)
	function : KW_CARA . TK_IDENTIFIER '(' arrayParams ')' block  (14)

	TK_IDENTIFIER  shift 10
	.  error


state 2
	var : KW_INTE . TK_IDENTIFIER '=' expr ';'  (9)
	var : KW_INTE . TK_IDENTIFIER '[' index ']' array ';'  (11)
	function : KW_INTE . TK_IDENTIFIER '(' arrayParams ')' block  (15)

	TK_IDENTIFIER  shift 11
	.  error


state 3
	var : KW_REAL . TK_IDENTIFIER '=' expr ';'  (10)
	var : KW_REAL . TK_IDENTIFIER '[' index ']' array ';'  (13)
	function : KW_REAL . TK_IDENTIFIER '(' arrayParams ')' block  (16)

	TK_IDENTIFIER  shift 12
	.  error


state 4
	block : '{' . listCmd '}'  (59)
	cmd : .  (25)

	KW_ENTAUM  shift 13
	KW_ESCREVA  shift 14
	KW_RETORNE  shift 15
	TK_IDENTIFIER  shift 16
	'{'  shift 4
	KW_ENQUANTO  reduce 25
	';'  reduce 25
	'}'  reduce 25

	block  goto 17
	listCmd  goto 18
	cmd  goto 19


state 5
	$accept : program . $end  (0)

	$end  accept


state 6
	program : block .  (1)

	.  reduce 1


state 7
	program : listDeclarations .  (2)

	.  reduce 2


state 8
	listDeclarations : var . listDeclarations  (5)
	listDeclarations : .  (7)

	KW_CARA  shift 1
	KW_INTE  shift 2
	KW_REAL  shift 3
	$end  reduce 7

	listDeclarations  goto 20
	var  goto 8
	function  goto 9


state 9
	listDeclarations : function . listDeclarations  (6)
	listDeclarations : .  (7)

	KW_CARA  shift 1
	KW_INTE  shift 2
	KW_REAL  shift 3
	$end  reduce 7

	listDeclarations  goto 21
	var  goto 8
	function  goto 9


state 10
	var : KW_CARA TK_IDENTIFIER . '=' expr ';'  (8)
	var : KW_CARA TK_IDENTIFIER . '[' index ']' array ';'  (12)
	function : KW_CARA TK_IDENTIFIER . '(' arrayParams ')' block  (14)

	'('  shift 22
	'='  shift 23
	'['  shift 24
	.  error


state 11
	var : KW_INTE TK_IDENTIFIER . '=' expr ';'  (9)
	var : KW_INTE TK_IDENTIFIER . '[' index ']' array ';'  (11)
	function : KW_INTE TK_IDENTIFIER . '(' arrayParams ')' block  (15)

	'('  shift 25
	'='  shift 26
	'['  shift 27
	.  error


state 12
	var : KW_REAL TK_IDENTIFIER . '=' expr ';'  (10)
	var : KW_REAL TK_IDENTIFIER . '[' index ']' array ';'  (13)
	function : KW_REAL TK_IDENTIFIER . '(' arrayParams ')' block  (16)

	'('  shift 28
	'='  shift 29
	'['  shift 30
	.  error


state 13
	cmd : KW_ENTAUM . cmd KW_SE '(' expr ')'  (20)
	cmd : KW_ENTAUM . cmd KW_SENAUM cmd KW_SE '(' expr ')'  (21)
	cmd : .  (25)

	KW_ENTAUM  shift 13
	KW_ESCREVA  shift 14
	KW_RETORNE  shift 15
	TK_IDENTIFIER  shift 16
	'{'  shift 4
	KW_SE  reduce 25
	KW_SENAUM  reduce 25
	KW_ENQUANTO  reduce 25

	block  goto 17
	cmd  goto 31


state 14
	cmd : KW_ESCREVA . arrayPrint  (22)
	arrayPrint : .  (58)

	KW_ENTRADA  shift 32
	TK_IDENTIFIER  shift 33
	LIT_INTEIRO  shift 34
	LIT_FLOAT  shift 35
	LIT_CHAR  shift 36
	LIT_STRING  shift 37
	'('  shift 38
	KW_SE  reduce 58
	KW_SENAUM  reduce 58
	KW_ENQUANTO  reduce 58
	';'  reduce 58
	'}'  reduce 58

	expr  goto 39
	arrayPrint  goto 40


state 15
	cmd : KW_RETORNE . expr  (23)

	KW_ENTRADA  shift 32
	TK_IDENTIFIER  shift 33
	LIT_INTEIRO  shift 34
	LIT_FLOAT  shift 35
	LIT_CHAR  shift 36
	'('  shift 38
	.  error

	expr  goto 41


state 16
	cmd : TK_IDENTIFIER . '=' expr  (17)
	cmd : TK_IDENTIFIER . '[' expr ']' '=' expr  (18)

	'='  shift 42
	'['  shift 43
	.  error


state 17
	cmd : block .  (24)

	.  reduce 24


state 18
	block : '{' listCmd . '}'  (59)

	'}'  shift 44
	.  error


state 19
	listCmd : cmd .  (3)
	listCmd : cmd . ';' listCmd  (4)
	cmd : cmd . KW_ENQUANTO '(' expr ')'  (19)

	KW_ENQUANTO  shift 45
	';'  shift 46
	'}'  reduce 3


state 20
	listDeclarations : var listDeclarations .  (5)

	.  reduce 5


state 21
	listDeclarations : function listDeclarations .  (6)

	.  reduce 6


state 22
	function : KW_CARA TK_IDENTIFIER '(' . arrayParams ')' block  (14)
	arrayParams : .  (55)

	KW_CARA  shift 47
	KW_INTE  shift 48
	KW_REAL  shift 49
	')'  reduce 55

	arrayParams  goto 50
	param  goto 51


state 23
	var : KW_CARA TK_IDENTIFIER '=' . expr ';'  (8)

	KW_ENTRADA  shift 32
	TK_IDENTIFIER  shift 33
	LIT_INTEIRO  shift 34
	LIT_FLOAT  shift 35
	LIT_CHAR  shift 36
	'('  shift 38
	.  error

	expr  goto 52


state 24
	var : KW_CARA TK_IDENTIFIER '[' . index ']' array ';'  (12)

	TK_IDENTIFIER  shift 53
	LIT_INTEIRO  shift 54
	.  error

	index  goto 55


state 25
	function : KW_INTE TK_IDENTIFIER '(' . arrayParams ')' block  (15)
	arrayParams : .  (55)

	KW_CARA  shift 47
	KW_INTE  shift 48
	KW_REAL  shift 49
	')'  reduce 55

	arrayParams  goto 56
	param  goto 51


state 26
	var : KW_INTE TK_IDENTIFIER '=' . expr ';'  (9)

	KW_ENTRADA  shift 32
	TK_IDENTIFIER  shift 33
	LIT_INTEIRO  shift 34
	LIT_FLOAT  shift 35
	LIT_CHAR  shift 36
	'('  shift 38
	.  error

	expr  goto 57


state 27
	var : KW_INTE TK_IDENTIFIER '[' . index ']' array ';'  (11)

	TK_IDENTIFIER  shift 53
	LIT_INTEIRO  shift 54
	.  error

	index  goto 58


state 28
	function : KW_REAL TK_IDENTIFIER '(' . arrayParams ')' block  (16)
	arrayParams : .  (55)

	KW_CARA  shift 47
	KW_INTE  shift 48
	KW_REAL  shift 49
	')'  reduce 55

	arrayParams  goto 59
	param  goto 51


state 29
	var : KW_REAL TK_IDENTIFIER '=' . expr ';'  (10)

	KW_ENTRADA  shift 32
	TK_IDENTIFIER  shift 33
	LIT_INTEIRO  shift 34
	LIT_FLOAT  shift 35
	LIT_CHAR  shift 36
	'('  shift 38
	.  error

	expr  goto 60


state 30
	var : KW_REAL TK_IDENTIFIER '[' . index ']' array ';'  (13)

	TK_IDENTIFIER  shift 53
	LIT_INTEIRO  shift 54
	.  error

	index  goto 61


state 31
	cmd : cmd . KW_ENQUANTO '(' expr ')'  (19)
	cmd : KW_ENTAUM cmd . KW_SE '(' expr ')'  (20)
	cmd : KW_ENTAUM cmd . KW_SENAUM cmd KW_SE '(' expr ')'  (21)

	KW_SE  shift 62
	KW_SENAUM  shift 63
	KW_ENQUANTO  shift 45
	.  error


state 32
	expr : KW_ENTRADA .  (46)

	.  reduce 46


state 33
	expr : TK_IDENTIFIER .  (26)
	expr : TK_IDENTIFIER . '[' expr ']'  (27)
	expr : TK_IDENTIFIER . '(' array ')'  (28)

	'('  shift 64
	'['  shift 65
	KW_SE  reduce 26
	KW_SENAUM  reduce 26
	KW_ENQUANTO  reduce 26
	KW_ENTRADA  reduce 26
	OPERATOR_LE  reduce 26
	OPERATOR_GE  reduce 26
	OPERATOR_EQ  reduce 26
	OPERATOR_DIF  reduce 26
	TK_IDENTIFIER  reduce 26
	LIT_INTEIRO  reduce 26
	LIT_FLOAT  reduce 26
	LIT_CHAR  reduce 26
	LIT_STRING  reduce 26
	'-'  reduce 26
	'+'  reduce 26
	'/'  reduce 26
	'*'  reduce 26
	'>'  reduce 26
	'<'  reduce 26
	'&'  reduce 26
	'|'  reduce 26
	'~'  reduce 26
	';'  reduce 26
	']'  reduce 26
	')'  reduce 26
	'}'  reduce 26


state 34
	expr : LIT_INTEIRO .  (30)

	.  reduce 30


state 35
	expr : LIT_FLOAT .  (31)

	.  reduce 31


state 36
	expr : LIT_CHAR .  (29)

	.  reduce 29


state 37
	arrayPrint : LIT_STRING . arrayPrint  (56)
	arrayPrint : .  (58)

	KW_ENTRADA  shift 32
	TK_IDENTIFIER  shift 33
	LIT_INTEIRO  shift 34
	LIT_FLOAT  shift 35
	LIT_CHAR  shift 36
	LIT_STRING  shift 37
	'('  shift 38
	KW_SE  reduce 58
	KW_SENAUM  reduce 58
	KW_ENQUANTO  reduce 58
	';'  reduce 58
	'}'  reduce 58

	expr  goto 39
	arrayPrint  goto 66


state 38
	expr : '(' . expr ')'  (45)

	KW_ENTRADA  shift 32
	TK_IDENTIFIER  shift 33
	LIT_INTEIRO  shift 34
	LIT_FLOAT  shift 35
	LIT_CHAR  shift 36
	'('  shift 38
	.  error

	expr  goto 67


state 39
	expr : expr . '+' expr  (32)
	expr : expr . '-' expr  (33)
	expr : expr . '*' expr  (34)
	expr : expr . '/' expr  (35)
	expr : expr . '<' expr  (36)
	expr : expr . '>' expr  (37)
	expr : expr . OPERATOR_EQ expr  (38)
	expr : expr . OPERATOR_DIF expr  (39)
	expr : expr . OPERATOR_GE expr  (40)
	expr : expr . OPERATOR_LE expr  (41)
	expr : expr . '&' expr  (42)
	expr : expr . '|' expr  (43)
	expr : expr . '~' expr  (44)
	arrayPrint : expr . arrayPrint  (57)
	arrayPrint : .  (58)

	KW_ENTRADA  shift 32
	OPERATOR_LE  shift 68
	OPERATOR_GE  shift 69
	OPERATOR_EQ  shift 70
	OPERATOR_DIF  shift 71
	TK_IDENTIFIER  shift 33
	LIT_INTEIRO  shift 34
	LIT_FLOAT  shift 35
	LIT_CHAR  shift 36
	LIT_STRING  shift 37
	'-'  shift 72
	'+'  shift 73
	'/'  shift 74
	'*'  shift 75
	'>'  shift 76
	'<'  shift 77
	'&'  shift 78
	'|'  shift 79
	'~'  shift 80
	'('  shift 38
	KW_SE  reduce 58
	KW_SENAUM  reduce 58
	KW_ENQUANTO  reduce 58
	';'  reduce 58
	'}'  reduce 58

	expr  goto 39
	arrayPrint  goto 81


state 40
	cmd : KW_ESCREVA arrayPrint .  (22)

	.  reduce 22


state 41
	cmd : KW_RETORNE expr .  (23)
	expr : expr . '+' expr  (32)
	expr : expr . '-' expr  (33)
	expr : expr . '*' expr  (34)
	expr : expr . '/' expr  (35)
	expr : expr . '<' expr  (36)
	expr : expr . '>' expr  (37)
	expr : expr . OPERATOR_EQ expr  (38)
	expr : expr . OPERATOR_DIF expr  (39)
	expr : expr . OPERATOR_GE expr  (40)
	expr : expr . OPERATOR_LE expr  (41)
	expr : expr . '&' expr  (42)
	expr : expr . '|' expr  (43)
	expr : expr . '~' expr  (44)

	OPERATOR_LE  shift 68
	OPERATOR_GE  shift 69
	OPERATOR_EQ  shift 70
	OPERATOR_DIF  shift 71
	'-'  shift 72
	'+'  shift 73
	'/'  shift 74
	'*'  shift 75
	'>'  shift 76
	'<'  shift 77
	'&'  shift 78
	'|'  shift 79
	'~'  shift 80
	KW_SE  reduce 23
	KW_SENAUM  reduce 23
	KW_ENQUANTO  reduce 23
	';'  reduce 23
	'}'  reduce 23


state 42
	cmd : TK_IDENTIFIER '=' . expr  (17)

	KW_ENTRADA  shift 32
	TK_IDENTIFIER  shift 33
	LIT_INTEIRO  shift 34
	LIT_FLOAT  shift 35
	LIT_CHAR  shift 36
	'('  shift 38
	.  error

	expr  goto 82


state 43
	cmd : TK_IDENTIFIER '[' . expr ']' '=' expr  (18)

	KW_ENTRADA  shift 32
	TK_IDENTIFIER  shift 33
	LIT_INTEIRO  shift 34
	LIT_FLOAT  shift 35
	LIT_CHAR  shift 36
	'('  shift 38
	.  error

	expr  goto 83


state 44
	block : '{' listCmd '}' .  (59)

	.  reduce 59


state 45
	cmd : cmd KW_ENQUANTO . '(' expr ')'  (19)

	'('  shift 84
	.  error


state 46
	listCmd : cmd ';' . listCmd  (4)
	cmd : .  (25)

	KW_ENTAUM  shift 13
	KW_ESCREVA  shift 14
	KW_RETORNE  shift 15
	TK_IDENTIFIER  shift 16
	'{'  shift 4
	KW_ENQUANTO  reduce 25
	';'  reduce 25
	'}'  reduce 25

	block  goto 17
	listCmd  goto 85
	cmd  goto 19


state 47
	param : KW_CARA . TK_IDENTIFIER  (51)

	TK_IDENTIFIER  shift 86
	.  error


state 48
	param : KW_INTE . TK_IDENTIFIER  (52)

	TK_IDENTIFIER  shift 87
	.  error


state 49
	param : KW_REAL . TK_IDENTIFIER  (53)

	TK_IDENTIFIER  shift 88
	.  error


state 50
	function : KW_CARA TK_IDENTIFIER '(' arrayParams . ')' block  (14)

	')'  shift 89
	.  error


state 51
	arrayParams : param . arrayParams  (54)
	arrayParams : .  (55)

	KW_CARA  shift 47
	KW_INTE  shift 48
	KW_REAL  shift 49
	')'  reduce 55

	arrayParams  goto 90
	param  goto 51


state 52
	var : KW_CARA TK_IDENTIFIER '=' expr . ';'  (8)
	expr : expr . '+' expr  (32)
	expr : expr . '-' expr  (33)
	expr : expr . '*' expr  (34)
	expr : expr . '/' expr  (35)
	expr : expr . '<' expr  (36)
	expr : expr . '>' expr  (37)
	expr : expr . OPERATOR_EQ expr  (38)
	expr : expr . OPERATOR_DIF expr  (39)
	expr : expr . OPERATOR_GE expr  (40)
	expr : expr . OPERATOR_LE expr  (41)
	expr : expr . '&' expr  (42)
	expr : expr . '|' expr  (43)
	expr : expr . '~' expr  (44)

	OPERATOR_LE  shift 68
	OPERATOR_GE  shift 69
	OPERATOR_EQ  shift 70
	OPERATOR_DIF  shift 71
	'-'  shift 72
	'+'  shift 73
	'/'  shift 74
	'*'  shift 75
	'>'  shift 76
	'<'  shift 77
	'&'  shift 78
	'|'  shift 79
	'~'  shift 80
	';'  shift 91
	.  error


state 53
	index : TK_IDENTIFIER .  (48)

	.  reduce 48


state 54
	index : LIT_INTEIRO .  (47)

	.  reduce 47


state 55
	var : KW_CARA TK_IDENTIFIER '[' index . ']' array ';'  (12)

	']'  shift 92
	.  error


state 56
	function : KW_INTE TK_IDENTIFIER '(' arrayParams . ')' block  (15)

	')'  shift 93
	.  error


state 57
	var : KW_INTE TK_IDENTIFIER '=' expr . ';'  (9)
	expr : expr . '+' expr  (32)
	expr : expr . '-' expr  (33)
	expr : expr . '*' expr  (34)
	expr : expr . '/' expr  (35)
	expr : expr . '<' expr  (36)
	expr : expr . '>' expr  (37)
	expr : expr . OPERATOR_EQ expr  (38)
	expr : expr . OPERATOR_DIF expr  (39)
	expr : expr . OPERATOR_GE expr  (40)
	expr : expr . OPERATOR_LE expr  (41)
	expr : expr . '&' expr  (42)
	expr : expr . '|' expr  (43)
	expr : expr . '~' expr  (44)

	OPERATOR_LE  shift 68
	OPERATOR_GE  shift 69
	OPERATOR_EQ  shift 70
	OPERATOR_DIF  shift 71
	'-'  shift 72
	'+'  shift 73
	'/'  shift 74
	'*'  shift 75
	'>'  shift 76
	'<'  shift 77
	'&'  shift 78
	'|'  shift 79
	'~'  shift 80
	';'  shift 94
	.  error


state 58
	var : KW_INTE TK_IDENTIFIER '[' index . ']' array ';'  (11)

	']'  shift 95
	.  error


state 59
	function : KW_REAL TK_IDENTIFIER '(' arrayParams . ')' block  (16)

	')'  shift 96
	.  error


state 60
	var : KW_REAL TK_IDENTIFIER '=' expr . ';'  (10)
	expr : expr . '+' expr  (32)
	expr : expr . '-' expr  (33)
	expr : expr . '*' expr  (34)
	expr : expr . '/' expr  (35)
	expr : expr . '<' expr  (36)
	expr : expr . '>' expr  (37)
	expr : expr . OPERATOR_EQ expr  (38)
	expr : expr . OPERATOR_DIF expr  (39)
	expr : expr . OPERATOR_GE expr  (40)
	expr : expr . OPERATOR_LE expr  (41)
	expr : expr . '&' expr  (42)
	expr : expr . '|' expr  (43)
	expr : expr . '~' expr  (44)

	OPERATOR_LE  shift 68
	OPERATOR_GE  shift 69
	OPERATOR_EQ  shift 70
	OPERATOR_DIF  shift 71
	'-'  shift 72
	'+'  shift 73
	'/'  shift 74
	'*'  shift 75
	'>'  shift 76
	'<'  shift 77
	'&'  shift 78
	'|'  shift 79
	'~'  shift 80
	';'  shift 97
	.  error


state 61
	var : KW_REAL TK_IDENTIFIER '[' index . ']' array ';'  (13)

	']'  shift 98
	.  error


state 62
	cmd : KW_ENTAUM cmd KW_SE . '(' expr ')'  (20)

	'('  shift 99
	.  error


state 63
	cmd : KW_ENTAUM cmd KW_SENAUM . cmd KW_SE '(' expr ')'  (21)
	cmd : .  (25)

	KW_ENTAUM  shift 13
	KW_ESCREVA  shift 14
	KW_RETORNE  shift 15
	TK_IDENTIFIER  shift 16
	'{'  shift 4
	KW_SE  reduce 25
	KW_ENQUANTO  reduce 25

	block  goto 17
	cmd  goto 100


state 64
	expr : TK_IDENTIFIER '(' . array ')'  (28)
	array : .  (50)

	KW_ENTRADA  shift 32
	TK_IDENTIFIER  shift 33
	LIT_INTEIRO  shift 34
	LIT_FLOAT  shift 35
	LIT_CHAR  shift 36
	'('  shift 38
	')'  reduce 50

	expr  goto 101
	array  goto 102


state 65
	expr : TK_IDENTIFIER '[' . expr ']'  (27)

	KW_ENTRADA  shift 32
	TK_IDENTIFIER  shift 33
	LIT_INTEIRO  shift 34
	LIT_FLOAT  shift 35
	LIT_CHAR  shift 36
	'('  shift 38
	.  error

	expr  goto 103


state 66
	arrayPrint : LIT_STRING arrayPrint .  (56)

	.  reduce 56


state 67
	expr : expr . '+' expr  (32)
	expr : expr . '-' expr  (33)
	expr : expr . '*' expr  (34)
	expr : expr . '/' expr  (35)
	expr : expr . '<' expr  (36)
	expr : expr . '>' expr  (37)
	expr : expr . OPERATOR_EQ expr  (38)
	expr : expr . OPERATOR_DIF expr  (39)
	expr : expr . OPERATOR_GE expr  (40)
	expr : expr . OPERATOR_LE expr  (41)
	expr : expr . '&' expr  (42)
	expr : expr . '|' expr  (43)
	expr : expr . '~' expr  (44)
	expr : '(' expr . ')'  (45)

	OPERATOR_LE  shift 68
	OPERATOR_GE  shift 69
	OPERATOR_EQ  shift 70
	OPERATOR_DIF  shift 71
	'-'  shift 72
	'+'  shift 73
	'/'  shift 74
	'*'  shift 75
	'>'  shift 76
	'<'  shift 77
	'&'  shift 78
	'|'  shift 79
	'~'  shift 80
	')'  shift 104
	.  error


state 68
	expr : expr OPERATOR_LE . expr  (41)

	KW_ENTRADA  shift 32
	TK_IDENTIFIER  shift 33
	LIT_INTEIRO  shift 34
	LIT_FLOAT  shift 35
	LIT_CHAR  shift 36
	'('  shift 38
	.  error

	expr  goto 105


state 69
	expr : expr OPERATOR_GE . expr  (40)

	KW_ENTRADA  shift 32
	TK_IDENTIFIER  shift 33
	LIT_INTEIRO  shift 34
	LIT_FLOAT  shift 35
	LIT_CHAR  shift 36
	'('  shift 38
	.  error

	expr  goto 106


state 70
	expr : expr OPERATOR_EQ . expr  (38)

	KW_ENTRADA  shift 32
	TK_IDENTIFIER  shift 33
	LIT_INTEIRO  shift 34
	LIT_FLOAT  shift 35
	LIT_CHAR  shift 36
	'('  shift 38
	.  error

	expr  goto 107


state 71
	expr : expr OPERATOR_DIF . expr  (39)

	KW_ENTRADA  shift 32
	TK_IDENTIFIER  shift 33
	LIT_INTEIRO  shift 34
	LIT_FLOAT  shift 35
	LIT_CHAR  shift 36
	'('  shift 38
	.  error

	expr  goto 108


state 72
	expr : expr '-' . expr  (33)

	KW_ENTRADA  shift 32
	TK_IDENTIFIER  shift 33
	LIT_INTEIRO  shift 34
	LIT_FLOAT  shift 35
	LIT_CHAR  shift 36
	'('  shift 38
	.  error

	expr  goto 109


state 73
	expr : expr '+' . expr  (32)

	KW_ENTRADA  shift 32
	TK_IDENTIFIER  shift 33
	LIT_INTEIRO  shift 34
	LIT_FLOAT  shift 35
	LIT_CHAR  shift 36
	'('  shift 38
	.  error

	expr  goto 110


state 74
	expr : expr '/' . expr  (35)

	KW_ENTRADA  shift 32
	TK_IDENTIFIER  shift 33
	LIT_INTEIRO  shift 34
	LIT_FLOAT  shift 35
	LIT_CHAR  shift 36
	'('  shift 38
	.  error

	expr  goto 111


state 75
	expr : expr '*' . expr  (34)

	KW_ENTRADA  shift 32
	TK_IDENTIFIER  shift 33
	LIT_INTEIRO  shift 34
	LIT_FLOAT  shift 35
	LIT_CHAR  shift 36
	'('  shift 38
	.  error

	expr  goto 112


state 76
	expr : expr '>' . expr  (37)

	KW_ENTRADA  shift 32
	TK_IDENTIFIER  shift 33
	LIT_INTEIRO  shift 34
	LIT_FLOAT  shift 35
	LIT_CHAR  shift 36
	'('  shift 38
	.  error

	expr  goto 113


state 77
	expr : expr '<' . expr  (36)

	KW_ENTRADA  shift 32
	TK_IDENTIFIER  shift 33
	LIT_INTEIRO  shift 34
	LIT_FLOAT  shift 35
	LIT_CHAR  shift 36
	'('  shift 38
	.  error

	expr  goto 114


state 78
	expr : expr '&' . expr  (42)

	KW_ENTRADA  shift 32
	TK_IDENTIFIER  shift 33
	LIT_INTEIRO  shift 34
	LIT_FLOAT  shift 35
	LIT_CHAR  shift 36
	'('  shift 38
	.  error

	expr  goto 115


state 79
	expr : expr '|' . expr  (43)

	KW_ENTRADA  shift 32
	TK_IDENTIFIER  shift 33
	LIT_INTEIRO  shift 34
	LIT_FLOAT  shift 35
	LIT_CHAR  shift 36
	'('  shift 38
	.  error

	expr  goto 116


state 80
	expr : expr '~' . expr  (44)

	KW_ENTRADA  shift 32
	TK_IDENTIFIER  shift 33
	LIT_INTEIRO  shift 34
	LIT_FLOAT  shift 35
	LIT_CHAR  shift 36
	'('  shift 38
	.  error

	expr  goto 117


state 81
	arrayPrint : expr arrayPrint .  (57)

	.  reduce 57


state 82
	cmd : TK_IDENTIFIER '=' expr .  (17)
	expr : expr . '+' expr  (32)
	expr : expr . '-' expr  (33)
	expr : expr . '*' expr  (34)
	expr : expr . '/' expr  (35)
	expr : expr . '<' expr  (36)
	expr : expr . '>' expr  (37)
	expr : expr . OPERATOR_EQ expr  (38)
	expr : expr . OPERATOR_DIF expr  (39)
	expr : expr . OPERATOR_GE expr  (40)
	expr : expr . OPERATOR_LE expr  (41)
	expr : expr . '&' expr  (42)
	expr : expr . '|' expr  (43)
	expr : expr . '~' expr  (44)

	OPERATOR_LE  shift 68
	OPERATOR_GE  shift 69
	OPERATOR_EQ  shift 70
	OPERATOR_DIF  shift 71
	'-'  shift 72
	'+'  shift 73
	'/'  shift 74
	'*'  shift 75
	'>'  shift 76
	'<'  shift 77
	'&'  shift 78
	'|'  shift 79
	'~'  shift 80
	KW_SE  reduce 17
	KW_SENAUM  reduce 17
	KW_ENQUANTO  reduce 17
	';'  reduce 17
	'}'  reduce 17


state 83
	cmd : TK_IDENTIFIER '[' expr . ']' '=' expr  (18)
	expr : expr . '+' expr  (32)
	expr : expr . '-' expr  (33)
	expr : expr . '*' expr  (34)
	expr : expr . '/' expr  (35)
	expr : expr . '<' expr  (36)
	expr : expr . '>' expr  (37)
	expr : expr . OPERATOR_EQ expr  (38)
	expr : expr . OPERATOR_DIF expr  (39)
	expr : expr . OPERATOR_GE expr  (40)
	expr : expr . OPERATOR_LE expr  (41)
	expr : expr . '&' expr  (42)
	expr : expr . '|' expr  (43)
	expr : expr . '~' expr  (44)

	OPERATOR_LE  shift 68
	OPERATOR_GE  shift 69
	OPERATOR_EQ  shift 70
	OPERATOR_DIF  shift 71
	'-'  shift 72
	'+'  shift 73
	'/'  shift 74
	'*'  shift 75
	'>'  shift 76
	'<'  shift 77
	'&'  shift 78
	'|'  shift 79
	'~'  shift 80
	']'  shift 118
	.  error


state 84
	cmd : cmd KW_ENQUANTO '(' . expr ')'  (19)

	KW_ENTRADA  shift 32
	TK_IDENTIFIER  shift 33
	LIT_INTEIRO  shift 34
	LIT_FLOAT  shift 35
	LIT_CHAR  shift 36
	'('  shift 38
	.  error

	expr  goto 119


state 85
	listCmd : cmd ';' listCmd .  (4)

	.  reduce 4


state 86
	param : KW_CARA TK_IDENTIFIER .  (51)

	.  reduce 51


state 87
	param : KW_INTE TK_IDENTIFIER .  (52)

	.  reduce 52


state 88
	param : KW_REAL TK_IDENTIFIER .  (53)

	.  reduce 53


state 89
	function : KW_CARA TK_IDENTIFIER '(' arrayParams ')' . block  (14)

	'{'  shift 4
	.  error

	block  goto 120


state 90
	arrayParams : param arrayParams .  (54)

	.  reduce 54


state 91
	var : KW_CARA TK_IDENTIFIER '=' expr ';' .  (8)

	.  reduce 8


state 92
	var : KW_CARA TK_IDENTIFIER '[' index ']' . array ';'  (12)
	array : .  (50)

	KW_ENTRADA  shift 32
	TK_IDENTIFIER  shift 33
	LIT_INTEIRO  shift 34
	LIT_FLOAT  shift 35
	LIT_CHAR  shift 36
	'('  shift 38
	';'  reduce 50

	expr  goto 101
	array  goto 121


state 93
	function : KW_INTE TK_IDENTIFIER '(' arrayParams ')' . block  (15)

	'{'  shift 4
	.  error

	block  goto 122


state 94
	var : KW_INTE TK_IDENTIFIER '=' expr ';' .  (9)

	.  reduce 9


state 95
	var : KW_INTE TK_IDENTIFIER '[' index ']' . array ';'  (11)
	array : .  (50)

	KW_ENTRADA  shift 32
	TK_IDENTIFIER  shift 33
	LIT_INTEIRO  shift 34
	LIT_FLOAT  shift 35
	LIT_CHAR  shift 36
	'('  shift 38
	';'  reduce 50

	expr  goto 101
	array  goto 123


state 96
	function : KW_REAL TK_IDENTIFIER '(' arrayParams ')' . block  (16)

	'{'  shift 4
	.  error

	block  goto 124


state 97
	var : KW_REAL TK_IDENTIFIER '=' expr ';' .  (10)

	.  reduce 10


state 98
	var : KW_REAL TK_IDENTIFIER '[' index ']' . array ';'  (13)
	array : .  (50)

	KW_ENTRADA  shift 32
	TK_IDENTIFIER  shift 33
	LIT_INTEIRO  shift 34
	LIT_FLOAT  shift 35
	LIT_CHAR  shift 36
	'('  shift 38
	';'  reduce 50

	expr  goto 101
	array  goto 125


state 99
	cmd : KW_ENTAUM cmd KW_SE '(' . expr ')'  (20)

	KW_ENTRADA  shift 32
	TK_IDENTIFIER  shift 33
	LIT_INTEIRO  shift 34
	LIT_FLOAT  shift 35
	LIT_CHAR  shift 36
	'('  shift 38
	.  error

	expr  goto 126


state 100
	cmd : cmd . KW_ENQUANTO '(' expr ')'  (19)
	cmd : KW_ENTAUM cmd KW_SENAUM cmd . KW_SE '(' expr ')'  (21)

	KW_SE  shift 127
	KW_ENQUANTO  shift 45
	.  error


state 101
	expr : expr . '+' expr  (32)
	expr : expr . '-' expr  (33)
	expr : expr . '*' expr  (34)
	expr : expr . '/' expr  (35)
	expr : expr . '<' expr  (36)
	expr : expr . '>' expr  (37)
	expr : expr . OPERATOR_EQ expr  (38)
	expr : expr . OPERATOR_DIF expr  (39)
	expr : expr . OPERATOR_GE expr  (40)
	expr : expr . OPERATOR_LE expr  (41)
	expr : expr . '&' expr  (42)
	expr : expr . '|' expr  (43)
	expr : expr . '~' expr  (44)
	array : expr . array  (49)
	array : .  (50)

	KW_ENTRADA  shift 32
	OPERATOR_LE  shift 68
	OPERATOR_GE  shift 69
	OPERATOR_EQ  shift 70
	OPERATOR_DIF  shift 71
	TK_IDENTIFIER  shift 33
	LIT_INTEIRO  shift 34
	LIT_FLOAT  shift 35
	LIT_CHAR  shift 36
	'-'  shift 72
	'+'  shift 73
	'/'  shift 74
	'*'  shift 75
	'>'  shift 76
	'<'  shift 77
	'&'  shift 78
	'|'  shift 79
	'~'  shift 80
	'('  shift 38
	';'  reduce 50
	')'  reduce 50

	expr  goto 101
	array  goto 128


state 102
	expr : TK_IDENTIFIER '(' array . ')'  (28)

	')'  shift 129
	.  error


state 103
	expr : TK_IDENTIFIER '[' expr . ']'  (27)
	expr : expr . '+' expr  (32)
	expr : expr . '-' expr  (33)
	expr : expr . '*' expr  (34)
	expr : expr . '/' expr  (35)
	expr : expr . '<' expr  (36)
	expr : expr . '>' expr  (37)
	expr : expr . OPERATOR_EQ expr  (38)
	expr : expr . OPERATOR_DIF expr  (39)
	expr : expr . OPERATOR_GE expr  (40)
	expr : expr . OPERATOR_LE expr  (41)
	expr : expr . '&' expr  (42)
	expr : expr . '|' expr  (43)
	expr : expr . '~' expr  (44)

	OPERATOR_LE  shift 68
	OPERATOR_GE  shift 69
	OPERATOR_EQ  shift 70
	OPERATOR_DIF  shift 71
	'-'  shift 72
	'+'  shift 73
	'/'  shift 74
	'*'  shift 75
	'>'  shift 76
	'<'  shift 77
	'&'  shift 78
	'|'  shift 79
	'~'  shift 80
	']'  shift 130
	.  error


state 104
	expr : '(' expr ')' .  (45)

	.  reduce 45


state 105
	expr : expr . '+' expr  (32)
	expr : expr . '-' expr  (33)
	expr : expr . '*' expr  (34)
	expr : expr . '/' expr  (35)
	expr : expr . '<' expr  (36)
	expr : expr . '>' expr  (37)
	expr : expr . OPERATOR_EQ expr  (38)
	expr : expr . OPERATOR_DIF expr  (39)
	expr : expr . OPERATOR_GE expr  (40)
	expr : expr . OPERATOR_LE expr  (41)
	expr : expr OPERATOR_LE expr .  (41)
	expr : expr . '&' expr  (42)
	expr : expr . '|' expr  (43)
	expr : expr . '~' expr  (44)

	'&'  shift 78
	'|'  shift 79
	'~'  shift 80
	KW_SE  reduce 41
	KW_SENAUM  reduce 41
	KW_ENQUANTO  reduce 41
	KW_ENTRADA  reduce 41
	OPERATOR_LE  reduce 41
	OPERATOR_GE  reduce 41
	OPERATOR_EQ  reduce 41
	OPERATOR_DIF  reduce 41
	TK_IDENTIFIER  reduce 41
	LIT_INTEIRO  reduce 41
	LIT_FLOAT  reduce 41
	LIT_CHAR  reduce 41
	LIT_STRING  reduce 41
	'-'  reduce 41
	'+'  reduce 41
	'/'  reduce 41
	'*'  reduce 41
	'>'  reduce 41
	'<'  reduce 41
	'('  reduce 41
	';'  reduce 41
	']'  reduce 41
	')'  reduce 41
	'}'  reduce 41


state 106
	expr : expr . '+' expr  (32)
	expr : expr . '-' expr  (33)
	expr : expr . '*' expr  (34)
	expr : expr . '/' expr  (35)
	expr : expr . '<' expr  (36)
	expr : expr . '>' expr  (37)
	expr : expr . OPERATOR_EQ expr  (38)
	expr : expr . OPERATOR_DIF expr  (39)
	expr : expr . OPERATOR_GE expr  (40)
	expr : expr OPERATOR_GE expr .  (40)
	expr : expr . OPERATOR_LE expr  (41)
	expr : expr . '&' expr  (42)
	expr : expr . '|' expr  (43)
	expr : expr . '~' expr  (44)

	'&'  shift 78
	'|'  shift 79
	'~'  shift 80
	KW_SE  reduce 40
	KW_SENAUM  reduce 40
	KW_ENQUANTO  reduce 40
	KW_ENTRADA  reduce 40
	OPERATOR_LE  reduce 40
	OPERATOR_GE  reduce 40
	OPERATOR_EQ  reduce 40
	OPERATOR_DIF  reduce 40
	TK_IDENTIFIER  reduce 40
	LIT_INTEIRO  reduce 40
	LIT_FLOAT  reduce 40
	LIT_CHAR  reduce 40
	LIT_STRING  reduce 40
	'-'  reduce 40
	'+'  reduce 40
	'/'  reduce 40
	'*'  reduce 40
	'>'  reduce 40
	'<'  reduce 40
	'('  reduce 40
	';'  reduce 40
	']'  reduce 40
	')'  reduce 40
	'}'  reduce 40


state 107
	expr : expr . '+' expr  (32)
	expr : expr . '-' expr  (33)
	expr : expr . '*' expr  (34)
	expr : expr . '/' expr  (35)
	expr : expr . '<' expr  (36)
	expr : expr . '>' expr  (37)
	expr : expr . OPERATOR_EQ expr  (38)
	expr : expr OPERATOR_EQ expr .  (38)
	expr : expr . OPERATOR_DIF expr  (39)
	expr : expr . OPERATOR_GE expr  (40)
	expr : expr . OPERATOR_LE expr  (41)
	expr : expr . '&' expr  (42)
	expr : expr . '|' expr  (43)
	expr : expr . '~' expr  (44)

	'&'  shift 78
	'|'  shift 79
	'~'  shift 80
	KW_SE  reduce 38
	KW_SENAUM  reduce 38
	KW_ENQUANTO  reduce 38
	KW_ENTRADA  reduce 38
	OPERATOR_LE  reduce 38
	OPERATOR_GE  reduce 38
	OPERATOR_EQ  reduce 38
	OPERATOR_DIF  reduce 38
	TK_IDENTIFIER  reduce 38
	LIT_INTEIRO  reduce 38
	LIT_FLOAT  reduce 38
	LIT_CHAR  reduce 38
	LIT_STRING  reduce 38
	'-'  reduce 38
	'+'  reduce 38
	'/'  reduce 38
	'*'  reduce 38
	'>'  reduce 38
	'<'  reduce 38
	'('  reduce 38
	';'  reduce 38
	']'  reduce 38
	')'  reduce 38
	'}'  reduce 38


state 108
	expr : expr . '+' expr  (32)
	expr : expr . '-' expr  (33)
	expr : expr . '*' expr  (34)
	expr : expr . '/' expr  (35)
	expr : expr . '<' expr  (36)
	expr : expr . '>' expr  (37)
	expr : expr . OPERATOR_EQ expr  (38)
	expr : expr . OPERATOR_DIF expr  (39)
	expr : expr OPERATOR_DIF expr .  (39)
	expr : expr . OPERATOR_GE expr  (40)
	expr : expr . OPERATOR_LE expr  (41)
	expr : expr . '&' expr  (42)
	expr : expr . '|' expr  (43)
	expr : expr . '~' expr  (44)

	'&'  shift 78
	'|'  shift 79
	'~'  shift 80
	KW_SE  reduce 39
	KW_SENAUM  reduce 39
	KW_ENQUANTO  reduce 39
	KW_ENTRADA  reduce 39
	OPERATOR_LE  reduce 39
	OPERATOR_GE  reduce 39
	OPERATOR_EQ  reduce 39
	OPERATOR_DIF  reduce 39
	TK_IDENTIFIER  reduce 39
	LIT_INTEIRO  reduce 39
	LIT_FLOAT  reduce 39
	LIT_CHAR  reduce 39
	LIT_STRING  reduce 39
	'-'  reduce 39
	'+'  reduce 39
	'/'  reduce 39
	'*'  reduce 39
	'>'  reduce 39
	'<'  reduce 39
	'('  reduce 39
	';'  reduce 39
	']'  reduce 39
	')'  reduce 39
	'}'  reduce 39


state 109
	expr : expr . '+' expr  (32)
	expr : expr . '-' expr  (33)
	expr : expr '-' expr .  (33)
	expr : expr . '*' expr  (34)
	expr : expr . '/' expr  (35)
	expr : expr . '<' expr  (36)
	expr : expr . '>' expr  (37)
	expr : expr . OPERATOR_EQ expr  (38)
	expr : expr . OPERATOR_DIF expr  (39)
	expr : expr . OPERATOR_GE expr  (40)
	expr : expr . OPERATOR_LE expr  (41)
	expr : expr . '&' expr  (42)
	expr : expr . '|' expr  (43)
	expr : expr . '~' expr  (44)

	OPERATOR_LE  shift 68
	OPERATOR_GE  shift 69
	OPERATOR_EQ  shift 70
	OPERATOR_DIF  shift 71
	'/'  shift 74
	'*'  shift 75
	'>'  shift 76
	'<'  shift 77
	'&'  shift 78
	'|'  shift 79
	'~'  shift 80
	KW_SE  reduce 33
	KW_SENAUM  reduce 33
	KW_ENQUANTO  reduce 33
	KW_ENTRADA  reduce 33
	TK_IDENTIFIER  reduce 33
	LIT_INTEIRO  reduce 33
	LIT_FLOAT  reduce 33
	LIT_CHAR  reduce 33
	LIT_STRING  reduce 33
	'-'  reduce 33
	'+'  reduce 33
	'('  reduce 33
	';'  reduce 33
	']'  reduce 33
	')'  reduce 33
	'}'  reduce 33


state 110
	expr : expr . '+' expr  (32)
	expr : expr '+' expr .  (32)
	expr : expr . '-' expr  (33)
	expr : expr . '*' expr  (34)
	expr : expr . '/' expr  (35)
	expr : expr . '<' expr  (36)
	expr : expr . '>' expr  (37)
	expr : expr . OPERATOR_EQ expr  (38)
	expr : expr . OPERATOR_DIF expr  (39)
	expr : expr . OPERATOR_GE expr  (40)
	expr : expr . OPERATOR_LE expr  (41)
	expr : expr . '&' expr  (42)
	expr : expr . '|' expr  (43)
	expr : expr . '~' expr  (44)

	OPERATOR_LE  shift 68
	OPERATOR_GE  shift 69
	OPERATOR_EQ  shift 70
	OPERATOR_DIF  shift 71
	'/'  shift 74
	'*'  shift 75
	'>'  shift 76
	'<'  shift 77
	'&'  shift 78
	'|'  shift 79
	'~'  shift 80
	KW_SE  reduce 32
	KW_SENAUM  reduce 32
	KW_ENQUANTO  reduce 32
	KW_ENTRADA  reduce 32
	TK_IDENTIFIER  reduce 32
	LIT_INTEIRO  reduce 32
	LIT_FLOAT  reduce 32
	LIT_CHAR  reduce 32
	LIT_STRING  reduce 32
	'-'  reduce 32
	'+'  reduce 32
	'('  reduce 32
	';'  reduce 32
	']'  reduce 32
	')'  reduce 32
	'}'  reduce 32


state 111
	expr : expr . '+' expr  (32)
	expr : expr . '-' expr  (33)
	expr : expr . '*' expr  (34)
	expr : expr . '/' expr  (35)
	expr : expr '/' expr .  (35)
	expr : expr . '<' expr  (36)
	expr : expr . '>' expr  (37)
	expr : expr . OPERATOR_EQ expr  (38)
	expr : expr . OPERATOR_DIF expr  (39)
	expr : expr . OPERATOR_GE expr  (40)
	expr : expr . OPERATOR_LE expr  (41)
	expr : expr . '&' expr  (42)
	expr : expr . '|' expr  (43)
	expr : expr . '~' expr  (44)

	OPERATOR_LE  shift 68
	OPERATOR_GE  shift 69
	OPERATOR_EQ  shift 70
	OPERATOR_DIF  shift 71
	'>'  shift 76
	'<'  shift 77
	'&'  shift 78
	'|'  shift 79
	'~'  shift 80
	KW_SE  reduce 35
	KW_SENAUM  reduce 35
	KW_ENQUANTO  reduce 35
	KW_ENTRADA  reduce 35
	TK_IDENTIFIER  reduce 35
	LIT_INTEIRO  reduce 35
	LIT_FLOAT  reduce 35
	LIT_CHAR  reduce 35
	LIT_STRING  reduce 35
	'-'  reduce 35
	'+'  reduce 35
	'/'  reduce 35
	'*'  reduce 35
	'('  reduce 35
	';'  reduce 35
	']'  reduce 35
	')'  reduce 35
	'}'  reduce 35


state 112
	expr : expr . '+' expr  (32)
	expr : expr . '-' expr  (33)
	expr : expr . '*' expr  (34)
	expr : expr '*' expr .  (34)
	expr : expr . '/' expr  (35)
	expr : expr . '<' expr  (36)
	expr : expr . '>' expr  (37)
	expr : expr . OPERATOR_EQ expr  (38)
	expr : expr . OPERATOR_DIF expr  (39)
	expr : expr . OPERATOR_GE expr  (40)
	expr : expr . OPERATOR_LE expr  (41)
	expr : expr . '&' expr  (42)
	expr : expr . '|' expr  (43)
	expr : expr . '~' expr  (44)

	OPERATOR_LE  shift 68
	OPERATOR_GE  shift 69
	OPERATOR_EQ  shift 70
	OPERATOR_DIF  shift 71
	'>'  shift 76
	'<'  shift 77
	'&'  shift 78
	'|'  shift 79
	'~'  shift 80
	KW_SE  reduce 34
	KW_SENAUM  reduce 34
	KW_ENQUANTO  reduce 34
	KW_ENTRADA  reduce 34
	TK_IDENTIFIER  reduce 34
	LIT_INTEIRO  reduce 34
	LIT_FLOAT  reduce 34
	LIT_CHAR  reduce 34
	LIT_STRING  reduce 34
	'-'  reduce 34
	'+'  reduce 34
	'/'  reduce 34
	'*'  reduce 34
	'('  reduce 34
	';'  reduce 34
	']'  reduce 34
	')'  reduce 34
	'}'  reduce 34


state 113
	expr : expr . '+' expr  (32)
	expr : expr . '-' expr  (33)
	expr : expr . '*' expr  (34)
	expr : expr . '/' expr  (35)
	expr : expr . '<' expr  (36)
	expr : expr . '>' expr  (37)
	expr : expr '>' expr .  (37)
	expr : expr . OPERATOR_EQ expr  (38)
	expr : expr . OPERATOR_DIF expr  (39)
	expr : expr . OPERATOR_GE expr  (40)
	expr : expr . OPERATOR_LE expr  (41)
	expr : expr . '&' expr  (42)
	expr : expr . '|' expr  (43)
	expr : expr . '~' expr  (44)

	'&'  shift 78
	'|'  shift 79
	'~'  shift 80
	KW_SE  reduce 37
	KW_SENAUM  reduce 37
	KW_ENQUANTO  reduce 37
	KW_ENTRADA  reduce 37
	OPERATOR_LE  reduce 37
	OPERATOR_GE  reduce 37
	OPERATOR_EQ  reduce 37
	OPERATOR_DIF  reduce 37
	TK_IDENTIFIER  reduce 37
	LIT_INTEIRO  reduce 37
	LIT_FLOAT  reduce 37
	LIT_CHAR  reduce 37
	LIT_STRING  reduce 37
	'-'  reduce 37
	'+'  reduce 37
	'/'  reduce 37
	'*'  reduce 37
	'>'  reduce 37
	'<'  reduce 37
	'('  reduce 37
	';'  reduce 37
	']'  reduce 37
	')'  reduce 37
	'}'  reduce 37


state 114
	expr : expr . '+' expr  (32)
	expr : expr . '-' expr  (33)
	expr : expr . '*' expr  (34)
	expr : expr . '/' expr  (35)
	expr : expr . '<' expr  (36)
	expr : expr '<' expr .  (36)
	expr : expr . '>' expr  (37)
	expr : expr . OPERATOR_EQ expr  (38)
	expr : expr . OPERATOR_DIF expr  (39)
	expr : expr . OPERATOR_GE expr  (40)
	expr : expr . OPERATOR_LE expr  (41)
	expr : expr . '&' expr  (42)
	expr : expr . '|' expr  (43)
	expr : expr . '~' expr  (44)

	'&'  shift 78
	'|'  shift 79
	'~'  shift 80
	KW_SE  reduce 36
	KW_SENAUM  reduce 36
	KW_ENQUANTO  reduce 36
	KW_ENTRADA  reduce 36
	OPERATOR_LE  reduce 36
	OPERATOR_GE  reduce 36
	OPERATOR_EQ  reduce 36
	OPERATOR_DIF  reduce 36
	TK_IDENTIFIER  reduce 36
	LIT_INTEIRO  reduce 36
	LIT_FLOAT  reduce 36
	LIT_CHAR  reduce 36
	LIT_STRING  reduce 36
	'-'  reduce 36
	'+'  reduce 36
	'/'  reduce 36
	'*'  reduce 36
	'>'  reduce 36
	'<'  reduce 36
	'('  reduce 36
	';'  reduce 36
	']'  reduce 36
	')'  reduce 36
	'}'  reduce 36


state 115
	expr : expr . '+' expr  (32)
	expr : expr . '-' expr  (33)
	expr : expr . '*' expr  (34)
	expr : expr . '/' expr  (35)
	expr : expr . '<' expr  (36)
	expr : expr . '>' expr  (37)
	expr : expr . OPERATOR_EQ expr  (38)
	expr : expr . OPERATOR_DIF expr  (39)
	expr : expr . OPERATOR_GE expr  (40)
	expr : expr . OPERATOR_LE expr  (41)
	expr : expr . '&' expr  (42)
	expr : expr '&' expr .  (42)
	expr : expr . '|' expr  (43)
	expr : expr . '~' expr  (44)

	.  reduce 42


state 116
	expr : expr . '+' expr  (32)
	expr : expr . '-' expr  (33)
	expr : expr . '*' expr  (34)
	expr : expr . '/' expr  (35)
	expr : expr . '<' expr  (36)
	expr : expr . '>' expr  (37)
	expr : expr . OPERATOR_EQ expr  (38)
	expr : expr . OPERATOR_DIF expr  (39)
	expr : expr . OPERATOR_GE expr  (40)
	expr : expr . OPERATOR_LE expr  (41)
	expr : expr . '&' expr  (42)
	expr : expr . '|' expr  (43)
	expr : expr '|' expr .  (43)
	expr : expr . '~' expr  (44)

	.  reduce 43


state 117
	expr : expr . '+' expr  (32)
	expr : expr . '-' expr  (33)
	expr : expr . '*' expr  (34)
	expr : expr . '/' expr  (35)
	expr : expr . '<' expr  (36)
	expr : expr . '>' expr  (37)
	expr : expr . OPERATOR_EQ expr  (38)
	expr : expr . OPERATOR_DIF expr  (39)
	expr : expr . OPERATOR_GE expr  (40)
	expr : expr . OPERATOR_LE expr  (41)
	expr : expr . '&' expr  (42)
	expr : expr . '|' expr  (43)
	expr : expr . '~' expr  (44)
	expr : expr '~' expr .  (44)

	.  reduce 44


state 118
	cmd : TK_IDENTIFIER '[' expr ']' . '=' expr  (18)

	'='  shift 131
	.  error


state 119
	cmd : cmd KW_ENQUANTO '(' expr . ')'  (19)
	expr : expr . '+' expr  (32)
	expr : expr . '-' expr  (33)
	expr : expr . '*' expr  (34)
	expr : expr . '/' expr  (35)
	expr : expr . '<' expr  (36)
	expr : expr . '>' expr  (37)
	expr : expr . OPERATOR_EQ expr  (38)
	expr : expr . OPERATOR_DIF expr  (39)
	expr : expr . OPERATOR_GE expr  (40)
	expr : expr . OPERATOR_LE expr  (41)
	expr : expr . '&' expr  (42)
	expr : expr . '|' expr  (43)
	expr : expr . '~' expr  (44)

	OPERATOR_LE  shift 68
	OPERATOR_GE  shift 69
	OPERATOR_EQ  shift 70
	OPERATOR_DIF  shift 71
	'-'  shift 72
	'+'  shift 73
	'/'  shift 74
	'*'  shift 75
	'>'  shift 76
	'<'  shift 77
	'&'  shift 78
	'|'  shift 79
	'~'  shift 80
	')'  shift 132
	.  error


state 120
	function : KW_CARA TK_IDENTIFIER '(' arrayParams ')' block .  (14)

	.  reduce 14


state 121
	var : KW_CARA TK_IDENTIFIER '[' index ']' array . ';'  (12)

	';'  shift 133
	.  error


state 122
	function : KW_INTE TK_IDENTIFIER '(' arrayParams ')' block .  (15)

	.  reduce 15


state 123
	var : KW_INTE TK_IDENTIFIER '[' index ']' array . ';'  (11)

	';'  shift 134
	.  error


state 124
	function : KW_REAL TK_IDENTIFIER '(' arrayParams ')' block .  (16)

	.  reduce 16


state 125
	var : KW_REAL TK_IDENTIFIER '[' index ']' array . ';'  (13)

	';'  shift 135
	.  error


state 126
	cmd : KW_ENTAUM cmd KW_SE '(' expr . ')'  (20)
	expr : expr . '+' expr  (32)
	expr : expr . '-' expr  (33)
	expr : expr . '*' expr  (34)
	expr : expr . '/' expr  (35)
	expr : expr . '<' expr  (36)
	expr : expr . '>' expr  (37)
	expr : expr . OPERATOR_EQ expr  (38)
	expr : expr . OPERATOR_DIF expr  (39)
	expr : expr . OPERATOR_GE expr  (40)
	expr : expr . OPERATOR_LE expr  (41)
	expr : expr . '&' expr  (42)
	expr : expr . '|' expr  (43)
	expr : expr . '~' expr  (44)

	OPERATOR_LE  shift 68
	OPERATOR_GE  shift 69
	OPERATOR_EQ  shift 70
	OPERATOR_DIF  shift 71
	'-'  shift 72
	'+'  shift 73
	'/'  shift 74
	'*'  shift 75
	'>'  shift 76
	'<'  shift 77
	'&'  shift 78
	'|'  shift 79
	'~'  shift 80
	')'  shift 136
	.  error


state 127
	cmd : KW_ENTAUM cmd KW_SENAUM cmd KW_SE . '(' expr ')'  (21)

	'('  shift 137
	.  error


state 128
	array : expr array .  (49)

	.  reduce 49


state 129
	expr : TK_IDENTIFIER '(' array ')' .  (28)

	.  reduce 28


state 130
	expr : TK_IDENTIFIER '[' expr ']' .  (27)

	.  reduce 27


state 131
	cmd : TK_IDENTIFIER '[' expr ']' '=' . expr  (18)

	KW_ENTRADA  shift 32
	TK_IDENTIFIER  shift 33
	LIT_INTEIRO  shift 34
	LIT_FLOAT  shift 35
	LIT_CHAR  shift 36
	'('  shift 38
	.  error

	expr  goto 138


state 132
	cmd : cmd KW_ENQUANTO '(' expr ')' .  (19)

	.  reduce 19


state 133
	var : KW_CARA TK_IDENTIFIER '[' index ']' array ';' .  (12)

	.  reduce 12


state 134
	var : KW_INTE TK_IDENTIFIER '[' index ']' array ';' .  (11)

	.  reduce 11


state 135
	var : KW_REAL TK_IDENTIFIER '[' index ']' array ';' .  (13)

	.  reduce 13


state 136
	cmd : KW_ENTAUM cmd KW_SE '(' expr ')' .  (20)

	.  reduce 20


state 137
	cmd : KW_ENTAUM cmd KW_SENAUM cmd KW_SE '(' . expr ')'  (21)

	KW_ENTRADA  shift 32
	TK_IDENTIFIER  shift 33
	LIT_INTEIRO  shift 34
	LIT_FLOAT  shift 35
	LIT_CHAR  shift 36
	'('  shift 38
	.  error

	expr  goto 139


state 138
	cmd : TK_IDENTIFIER '[' expr ']' '=' expr .  (18)
	expr : expr . '+' expr  (32)
	expr : expr . '-' expr  (33)
	expr : expr . '*' expr  (34)
	expr : expr . '/' expr  (35)
	expr : expr . '<' expr  (36)
	expr : expr . '>' expr  (37)
	expr : expr . OPERATOR_EQ expr  (38)
	expr : expr . OPERATOR_DIF expr  (39)
	expr : expr . OPERATOR_GE expr  (40)
	expr : expr . OPERATOR_LE expr  (41)
	expr : expr . '&' expr  (42)
	expr : expr . '|' expr  (43)
	expr : expr . '~' expr  (44)

	OPERATOR_LE  shift 68
	OPERATOR_GE  shift 69
	OPERATOR_EQ  shift 70
	OPERATOR_DIF  shift 71
	'-'  shift 72
	'+'  shift 73
	'/'  shift 74
	'*'  shift 75
	'>'  shift 76
	'<'  shift 77
	'&'  shift 78
	'|'  shift 79
	'~'  shift 80
	KW_SE  reduce 18
	KW_SENAUM  reduce 18
	KW_ENQUANTO  reduce 18
	';'  reduce 18
	'}'  reduce 18


state 139
	cmd : KW_ENTAUM cmd KW_SENAUM cmd KW_SE '(' expr . ')'  (21)
	expr : expr . '+' expr  (32)
	expr : expr . '-' expr  (33)
	expr : expr . '*' expr  (34)
	expr : expr . '/' expr  (35)
	expr : expr . '<' expr  (36)
	expr : expr . '>' expr  (37)
	expr : expr . OPERATOR_EQ expr  (38)
	expr : expr . OPERATOR_DIF expr  (39)
	expr : expr . OPERATOR_GE expr  (40)
	expr : expr . OPERATOR_LE expr  (41)
	expr : expr . '&' expr  (42)
	expr : expr . '|' expr  (43)
	expr : expr . '~' expr  (44)

	OPERATOR_LE  shift 68
	OPERATOR_GE  shift 69
	OPERATOR_EQ  shift 70
	OPERATOR_DIF  shift 71
	'-'  shift 72
	'+'  shift 73
	'/'  shift 74
	'*'  shift 75
	'>'  shift 76
	'<'  shift 77
	'&'  shift 78
	'|'  shift 79
	'~'  shift 80
	')'  shift 140
	.  error


state 140
	cmd : KW_ENTAUM cmd KW_SENAUM cmd KW_SE '(' expr ')' .  (21)

	.  reduce 21


39 terminals, 14 nonterminals
60 grammar rules, 141 states

grammar parser grammar
symbol# value# symbol
     0      0  $end
     1    256  error
     2    257  KW_CARA
     3    258  KW_INTE
     4    259  KW_REAL
     5    260  KW_SE
     6    261  KW_ENTAUM
     7    262  KW_SENAUM
     8    263  KW_ENQUANTO
     9    264  KW_ENTRADA
    10    265  KW_ESCREVA
    11    266  KW_RETORNE
    12    267  OPERATOR_LE
    13    268  OPERATOR_GE
    14    269  OPERATOR_EQ
    15    270  OPERATOR_DIF
    16    271  TK_IDENTIFIER
    17    272  LIT_INTEIRO
    18    273  LIT_FLOAT
    19    274  LIT_CHAR
    20    275  LIT_STRING
    21    276  TOKEN_ERROR
    22     45  '-'
    23     43  '+'
    24     47  '/'
    25     42  '*'
    26     62  '>'
    27     60  '<'
    28     38  '&'
    29    124  '|'
    30    126  '~'
    31     40  '('
    32     59  ';'
    33     61  '='
    34     91  '['
    35     93  ']'
    36     41  ')'
    37    123  '{'
    38    125  '}'
    39    277  $accept
    40    278  program
    41    279  block
    42    280  listDeclarations
    43    281  listCmd
    44    282  cmd
    45    283  var
    46    284  function
    47    285  expr
    48    286  index
    49    287  array
    50    288  arrayParams
    51    289  arrayPrint
    52    290  param
